<?xml version="1.0" encoding="UTF-8"?>
<testsuites name="Mocha Tests" time="4.005999999999999" tests="69" failures="15">
  <testsuite name="Root Suite" timestamp="2018-02-02T12:41:57" tests="0" failures="0" time="0">
  </testsuite>
  <testsuite name="Domains with admin Previledges" timestamp="2018-02-02T12:41:57" tests="0" file="/home/henok/Projects/nodesites/waz/Platform/tests/test/domains.admin.test.js" failures="0" time="0">
  </testsuite>
  <testsuite name="create a domain" timestamp="2018-02-02T12:41:57" tests="2" file="/home/henok/Projects/nodesites/waz/Platform/tests/test/domains.admin.test.js" failures="0" time="0.16799999999999998">
    <testcase name="Domains with admin Previledges create a domain it should Create a domain" time="0.152" classname="it should Create a domain">
    </testcase>
    <testcase name="Domains with admin Previledges create a domain it shouldn&apos;t Create a domain for repeated data" time="0.016" classname="it shouldn&apos;t Create a domain for repeated data">
    </testcase>
  </testsuite>
  <testsuite name="Get all Domains" timestamp="2018-02-02T12:41:57" tests="1" file="/home/henok/Projects/nodesites/waz/Platform/tests/test/domains.admin.test.js" failures="0" time="0.018">
    <testcase name="Domains with admin Previledges Get all Domains it should GET all the domains" time="0.018" classname="it should GET all the domains">
    </testcase>
  </testsuite>
  <testsuite name="Get a single domain" timestamp="2018-02-02T12:41:57" tests="2" file="/home/henok/Projects/nodesites/waz/Platform/tests/test/domains.admin.test.js" failures="1" time="0.026">
    <testcase name="Domains with admin Previledges Get a single domain it should get a single domain" time="0.026" classname="it should get a single domain">
    </testcase>
    <testcase name="Domains with admin Previledges Get a single domain it should return not found for domain that doesnt exist" time="0" classname="it should return not found for domain that doesnt exist">
      <failure><![CDATA[AssertionError: expected { Object (domain, _events, ...) } to have status code 404 but got 403
    at chai.request.get.set.end (test/domains.admin.test.js:87:27)
    at Test.Request.callback (node_modules/superagent/lib/node/index.js:631:3)
    at node_modules/superagent/lib/node/index.js:795:18
    at IncomingMessage.<anonymous> (node_modules/superagent/lib/node/parsers/json.js:16:7)
    at endReadableNT (_stream_readable.js:1059:12)
    at _combinedTickCallback (internal/process/next_tick.js:138:11)
    at process._tickCallback (internal/process/next_tick.js:180:9)]]></failure>
    </testcase>
  </testsuite>
  <testsuite name="Remove Domain" timestamp="2018-02-02T12:41:58" tests="2" file="/home/henok/Projects/nodesites/waz/Platform/tests/test/domains.admin.test.js" failures="1" time="0.073">
    <testcase name="Domains with admin Previledges Remove Domain it should remove a single domain" time="0.073" classname="it should remove a single domain">
    </testcase>
    <testcase name="Domains with admin Previledges Remove Domain it should return not found for domain that doesnt exist" time="0" classname="it should return not found for domain that doesnt exist">
      <failure><![CDATA[AssertionError: expected { Object (domain, _events, ...) } to have status code 404 but got 403
    at chai.request.delete.set.end (test/domains.admin.test.js:107:27)
    at Test.Request.callback (node_modules/superagent/lib/node/index.js:631:3)
    at node_modules/superagent/lib/node/index.js:795:18
    at IncomingMessage.<anonymous> (node_modules/superagent/lib/node/parsers/json.js:16:7)
    at endReadableNT (_stream_readable.js:1059:12)
    at _combinedTickCallback (internal/process/next_tick.js:138:11)
    at process._tickCallback (internal/process/next_tick.js:180:9)]]></failure>
    </testcase>
  </testsuite>
  <testsuite name="Domains" timestamp="2018-02-02T12:41:58" tests="0" file="/home/henok/Projects/nodesites/waz/Platform/tests/test/domains.unauthorized.test.js" failures="0" time="0">
  </testsuite>
  <testsuite name="create a domain" timestamp="2018-02-02T12:41:58" tests="1" file="/home/henok/Projects/nodesites/waz/Platform/tests/test/domains.unauthorized.test.js" failures="0" time="0.094">
    <testcase name="Domains create a domain it should Create a domain" time="0.094" classname="it should Create a domain">
    </testcase>
  </testsuite>
  <testsuite name="Get all Domains" timestamp="2018-02-02T12:41:58" tests="1" file="/home/henok/Projects/nodesites/waz/Platform/tests/test/domains.unauthorized.test.js" failures="0" time="0.1">
    <testcase name="Domains Get all Domains it should GET all the domains" time="0.1" classname="it should GET all the domains">
    </testcase>
  </testsuite>
  <testsuite name="Get a single domain" timestamp="2018-02-02T12:41:58" tests="2" file="/home/henok/Projects/nodesites/waz/Platform/tests/test/domains.unauthorized.test.js" failures="1" time="0.099">
    <testcase name="Domains Get a single domain it should get a single domain" time="0.099" classname="it should get a single domain">
    </testcase>
    <testcase name="Domains Get a single domain it should return not found for domain that doesnt exist" time="0" classname="it should return not found for domain that doesnt exist">
      <failure><![CDATA[AssertionError: expected { Object (domain, _events, ...) } to have status code 404 but got 403
    at chai.request.get.end (test/domains.unauthorized.test.js:73:27)
    at Test.Request.callback (node_modules/superagent/lib/node/index.js:631:3)
    at node_modules/superagent/lib/node/index.js:795:18
    at IncomingMessage.<anonymous> (node_modules/superagent/lib/node/parsers/json.js:16:7)
    at endReadableNT (_stream_readable.js:1059:12)
    at _combinedTickCallback (internal/process/next_tick.js:138:11)
    at process._tickCallback (internal/process/next_tick.js:180:9)]]></failure>
    </testcase>
  </testsuite>
  <testsuite name="Remove Domain" timestamp="2018-02-02T12:41:58" tests="1" file="/home/henok/Projects/nodesites/waz/Platform/tests/test/domains.unauthorized.test.js" failures="0" time="0.094">
    <testcase name="Domains Remove Domain it should remove a single domain" time="0.094" classname="it should remove a single domain">
    </testcase>
  </testsuite>
  <testsuite name="Entities with admin previledges" timestamp="2018-02-02T12:41:58" tests="0" file="/home/henok/Projects/nodesites/waz/Platform/tests/test/entities.admin.test.js" failures="0" time="0">
  </testsuite>
  <testsuite name="create a new entity" timestamp="2018-02-02T12:41:58" tests="1" file="/home/henok/Projects/nodesites/waz/Platform/tests/test/entities.admin.test.js" failures="0" time="0.009">
    <testcase name="Entities with admin previledges create a new entity it should create a new entity" time="0.009" classname="it should create a new entity">
    </testcase>
  </testsuite>
  <testsuite name="get all known entity types" timestamp="2018-02-02T12:41:58" tests="1" file="/home/henok/Projects/nodesites/waz/Platform/tests/test/entities.admin.test.js" failures="0" time="0.013">
    <testcase name="Entities with admin previledges get all known entity types it should GET all known entity types" time="0.013" classname="it should GET all known entity types">
    </testcase>
  </testsuite>
  <testsuite name="get entities of one type" timestamp="2018-02-02T12:41:58" tests="1" file="/home/henok/Projects/nodesites/waz/Platform/tests/test/entities.admin.test.js" failures="0" time="0.007">
    <testcase name="Entities with admin previledges get entities of one type it should GET entities of one type" time="0.007" classname="it should GET entities of one type">
    </testcase>
  </testsuite>
  <testsuite name="get a single entity" timestamp="2018-02-02T12:41:58" tests="1" file="/home/henok/Projects/nodesites/waz/Platform/tests/test/entities.admin.test.js" failures="0" time="0.005">
    <testcase name="Entities with admin previledges get a single entity it should GET a single entity" time="0.005" classname="it should GET a single entity">
    </testcase>
  </testsuite>
  <testsuite name="add an entity attribute value" timestamp="2018-02-02T12:41:58" tests="1" file="/home/henok/Projects/nodesites/waz/Platform/tests/test/entities.admin.test.js" failures="0" time="0.009">
    <testcase name="Entities with admin previledges add an entity attribute value it should add an entity attribute value" time="0.009" classname="it should add an entity attribute value">
    </testcase>
  </testsuite>
  <testsuite name="get entity attribute values" timestamp="2018-02-02T12:41:58" tests="1" file="/home/henok/Projects/nodesites/waz/Platform/tests/test/entities.admin.test.js" failures="0" time="0.015">
    <testcase name="Entities with admin previledges get entity attribute values it should get entity attribute values" time="0.015" classname="it should get entity attribute values">
    </testcase>
  </testsuite>
  <testsuite name="set entity attribute values" timestamp="2018-02-02T12:41:58" tests="1" file="/home/henok/Projects/nodesites/waz/Platform/tests/test/entities.admin.test.js" failures="0" time="0.01">
    <testcase name="Entities with admin previledges set entity attribute values it should set entity attribute values" time="0.01" classname="it should set entity attribute values">
    </testcase>
  </testsuite>
  <testsuite name="delete an entity attribute" timestamp="2018-02-02T12:41:58" tests="1" file="/home/henok/Projects/nodesites/waz/Platform/tests/test/entities.admin.test.js" failures="0" time="0.02">
    <testcase name="Entities with admin previledges delete an entity attribute it should delete an entity attribute" time="0.02" classname="it should delete an entity attribute">
    </testcase>
  </testsuite>
  <testsuite name="Measurements with admin previledges" timestamp="2018-02-02T12:41:58" tests="0" file="/home/henok/Projects/nodesites/waz/Platform/tests/test/measurment.admin.test.js" failures="0" time="0">
  </testsuite>
  <testsuite name="Get Measurements" timestamp="2018-02-02T12:41:59" tests="1" file="/home/henok/Projects/nodesites/waz/Platform/tests/test/measurment.admin.test.js" failures="0" time="0.026">
    <testcase name="Measurements with admin previledges Get Measurements it should GET all the measurements for a given sensor" time="0.026" classname="it should GET all the measurements for a given sensor">
    </testcase>
  </testsuite>
  <testsuite name="POST Measurements" timestamp="2018-02-02T12:41:59" tests="1" file="/home/henok/Projects/nodesites/waz/Platform/tests/test/measurment.admin.test.js" failures="0" time="0.021">
    <testcase name="Measurements with admin previledges POST Measurements it should add a measurement value for a given sensor" time="0.021" classname="it should add a measurement value for a given sensor">
    </testcase>
  </testsuite>
  <testsuite name="Get a single Measurement" timestamp="2018-02-02T12:41:59" tests="1" file="/home/henok/Projects/nodesites/waz/Platform/tests/test/measurment.admin.test.js" failures="0" time="0.028">
    <testcase name="Measurements with admin previledges Get a single Measurement it should GET all the measurements for a given sensor" time="0.028" classname="it should GET all the measurements for a given sensor">
    </testcase>
  </testsuite>
  <testsuite name="Update Name of a Measurement" timestamp="2018-02-02T12:41:59" tests="1" file="/home/henok/Projects/nodesites/waz/Platform/tests/test/measurment.admin.test.js" failures="0" time="0.133">
    <testcase name="Measurements with admin previledges Update Name of a Measurement it should update the name of the measurement field" time="0.133" classname="it should update the name of the measurement field">
    </testcase>
  </testsuite>
  <testsuite name="Update Dimention of a Measurement" timestamp="2018-02-02T12:41:59" tests="1" file="/home/henok/Projects/nodesites/waz/Platform/tests/test/measurment.admin.test.js" failures="0" time="0.128">
    <testcase name="Measurements with admin previledges Update Dimention of a Measurement it should update the dimention of the measurement field" time="0.128" classname="it should update the dimention of the measurement field">
    </testcase>
  </testsuite>
  <testsuite name="Update dimention" timestamp="2018-02-02T12:41:59" tests="1" file="/home/henok/Projects/nodesites/waz/Platform/tests/test/measurment.admin.test.js" failures="0" time="0.134">
    <testcase name="Measurements with admin previledges Update dimention it should update the dimention of the measurement field" time="0.134" classname="it should update the dimention of the measurement field">
    </testcase>
  </testsuite>
  <testsuite name="Update unit" timestamp="2018-02-02T12:41:59" tests="1" file="/home/henok/Projects/nodesites/waz/Platform/tests/test/measurment.admin.test.js" failures="0" time="0.131">
    <testcase name="Measurements with admin previledges Update unit it should update the dimention of the measurement field" time="0.131" classname="it should update the dimention of the measurement field">
    </testcase>
  </testsuite>
  <testsuite name="Measurements" timestamp="2018-02-02T12:41:59" tests="0" file="/home/henok/Projects/nodesites/waz/Platform/tests/test/measurment.unauthorized.test.js" failures="0" time="0">
  </testsuite>
  <testsuite name="Get Measurements" timestamp="2018-02-02T12:41:59" tests="1" file="/home/henok/Projects/nodesites/waz/Platform/tests/test/measurment.unauthorized.test.js" failures="0" time="0.118">
    <testcase name="Measurements Get Measurements it should GET all the measurements for a given sensor" time="0.118" classname="it should GET all the measurements for a given sensor">
    </testcase>
  </testsuite>
  <testsuite name="POST Measurements" timestamp="2018-02-02T12:42:00" tests="1" file="/home/henok/Projects/nodesites/waz/Platform/tests/test/measurment.unauthorized.test.js" failures="0" time="0.109">
    <testcase name="Measurements POST Measurements it should add a measurement value for a given sensor" time="0.109" classname="it should add a measurement value for a given sensor">
    </testcase>
  </testsuite>
  <testsuite name="Get a single Measurement" timestamp="2018-02-02T12:42:00" tests="1" file="/home/henok/Projects/nodesites/waz/Platform/tests/test/measurment.unauthorized.test.js" failures="0" time="0.104">
    <testcase name="Measurements Get a single Measurement it should GET a single the measurements for a given sensor" time="0.104" classname="it should GET a single the measurements for a given sensor">
    </testcase>
  </testsuite>
  <testsuite name="Update Name of a Measurement" timestamp="2018-02-02T12:42:00" tests="1" file="/home/henok/Projects/nodesites/waz/Platform/tests/test/measurment.unauthorized.test.js" failures="0" time="0.097">
    <testcase name="Measurements Update Name of a Measurement it should update the name of the measurement field" time="0.097" classname="it should update the name of the measurement field">
    </testcase>
  </testsuite>
  <testsuite name="Update Dimention of a Measurement" timestamp="2018-02-02T12:42:00" tests="1" file="/home/henok/Projects/nodesites/waz/Platform/tests/test/measurment.unauthorized.test.js" failures="0" time="0.094">
    <testcase name="Measurements Update Dimention of a Measurement it should update the dimention of the measurement field" time="0.094" classname="it should update the dimention of the measurement field">
    </testcase>
  </testsuite>
  <testsuite name="Update dimention" timestamp="2018-02-02T12:42:00" tests="1" file="/home/henok/Projects/nodesites/waz/Platform/tests/test/measurment.unauthorized.test.js" failures="0" time="0.096">
    <testcase name="Measurements Update dimention it should update the dimention of the measurement field" time="0.096" classname="it should update the dimention of the measurement field">
    </testcase>
  </testsuite>
  <testsuite name="Update unit" timestamp="2018-02-02T12:42:00" tests="1" file="/home/henok/Projects/nodesites/waz/Platform/tests/test/measurment.unauthorized.test.js" failures="0" time="0.094">
    <testcase name="Measurements Update unit it should update the dimention of the measurement field" time="0.094" classname="it should update the dimention of the measurement field">
    </testcase>
  </testsuite>
  <testsuite name="Notifications" timestamp="2018-02-02T12:42:00" tests="0" file="/home/henok/Projects/nodesites/waz/Platform/tests/test/notifications.test.js" failures="0" time="0">
  </testsuite>
  <testsuite name="post a message to social networks" timestamp="2018-02-02T12:42:00" tests="1" file="/home/henok/Projects/nodesites/waz/Platform/tests/test/notifications.test.js" failures="0" time="0.017">
    <testcase name="Notifications post a message to social networks it should post a message to social networks" time="0.017" classname="it should post a message to social networks">
    </testcase>
  </testsuite>
  <testsuite name="Get all notifications" timestamp="2018-02-02T12:42:00" tests="1" file="/home/henok/Projects/nodesites/waz/Platform/tests/test/notifications.test.js" failures="0" time="0.016">
    <testcase name="Notifications Get all notifications it should GET all the messages posted on social networks" time="0.016" classname="it should GET all the messages posted on social networks">
    </testcase>
  </testsuite>
  <testsuite name="Get a one message" timestamp="2018-02-02T12:42:00" tests="2" file="/home/henok/Projects/nodesites/waz/Platform/tests/test/notifications.test.js" failures="2" time="0">
    <testcase name="Notifications Get a one message it should get a single notificaion" time="0" classname="it should get a single notificaion">
      <failure><![CDATA[AssertionError: expected { Object (domain, _events, ...) } to have status code 200 but got 500
    at chai.request.get.set.end (test/notifications.test.js:68:27)
    at Test.Request.callback (node_modules/superagent/lib/node/index.js:631:3)
    at node_modules/superagent/lib/node/index.js:795:18
    at IncomingMessage.<anonymous> (node_modules/superagent/lib/node/parsers/json.js:16:7)
    at endReadableNT (_stream_readable.js:1059:12)
    at _combinedTickCallback (internal/process/next_tick.js:138:11)
    at process._tickCallback (internal/process/next_tick.js:180:9)]]></failure>
    </testcase>
    <testcase name="Notifications Get a one message it should return not found for notification that doesnt exist" time="0" classname="it should return not found for notification that doesnt exist">
      <failure><![CDATA[AssertionError: expected { Object (domain, _events, ...) } to have status code 400 but got 500
    at chai.request.get.set.end (test/notifications.test.js:77:27)
    at Test.Request.callback (node_modules/superagent/lib/node/index.js:631:3)
    at node_modules/superagent/lib/node/index.js:795:18
    at IncomingMessage.<anonymous> (node_modules/superagent/lib/node/parsers/json.js:16:7)
    at endReadableNT (_stream_readable.js:1059:12)
    at _combinedTickCallback (internal/process/next_tick.js:138:11)
    at process._tickCallback (internal/process/next_tick.js:180:9)]]></failure>
    </testcase>
  </testsuite>
  <testsuite name="delete a message to social networks" timestamp="2018-02-02T12:42:00" tests="2" file="/home/henok/Projects/nodesites/waz/Platform/tests/test/notifications.test.js" failures="0" time="0.03">
    <testcase name="Notifications delete a message to social networks it should delete a message to social networks" time="0.017" classname="it should delete a message to social networks">
    </testcase>
    <testcase name="Notifications delete a message to social networks it should return not found for message that doesnt exist" time="0.013" classname="it should return not found for message that doesnt exist">
    </testcase>
  </testsuite>
  <testsuite name="Sensors with admin previledges" timestamp="2018-02-02T12:42:00" tests="0" file="/home/henok/Projects/nodesites/waz/Platform/tests/test/sensor.admin.test.js" failures="0" time="0">
  </testsuite>
  <testsuite name="Get Sensors" timestamp="2018-02-02T12:42:00" tests="1" file="/home/henok/Projects/nodesites/waz/Platform/tests/test/sensor.admin.test.js" failures="0" time="0.021">
    <testcase name="Sensors with admin previledges Get Sensors it should GET all the the senseors" time="0.021" classname="it should GET all the the senseors">
    </testcase>
  </testsuite>
  <testsuite name="Create sensors" timestamp="2018-02-02T12:42:00" tests="3" file="/home/henok/Projects/nodesites/waz/Platform/tests/test/sensor.admin.test.js" failures="0" time="0.20099999999999998">
    <testcase name="Sensors with admin previledges Create sensors it should POST a sensor " time="0.154" classname="it should POST a sensor ">
    </testcase>
    <testcase name="Sensors with admin previledges Create sensors it should Reject posting data with repeated values" time="0.029" classname="it should Reject posting data with repeated values">
    </testcase>
    <testcase name="Sensors with admin previledges Create sensors it should Reject posting a sensor with invalid data" time="0.018" classname="it should Reject posting a sensor with invalid data">
    </testcase>
  </testsuite>
  <testsuite name="Get a Single Sensor" timestamp="2018-02-02T12:42:01" tests="2" file="/home/henok/Projects/nodesites/waz/Platform/tests/test/sensor.admin.test.js" failures="1" time="0.029">
    <testcase name="Sensors with admin previledges Get a Single Sensor it should GET a sensor by the given id" time="0.029" classname="it should GET a sensor by the given id">
    </testcase>
    <testcase name="Sensors with admin previledges Get a Single Sensor it should give a 404 err a sensor with none existent id" time="0" classname="it should give a 404 err a sensor with none existent id">
      <failure><![CDATA[AssertionError: expected { Object (domain, _events, ...) } to have status code 404 but got 403
    at chai.request.get.set.end (test/sensor.admin.test.js:99:27)
    at Test.Request.callback (node_modules/superagent/lib/node/index.js:631:3)
    at node_modules/superagent/lib/node/index.js:795:18
    at IncomingMessage.<anonymous> (node_modules/superagent/lib/node/parsers/json.js:16:7)
    at endReadableNT (_stream_readable.js:1059:12)
    at _combinedTickCallback (internal/process/next_tick.js:138:11)
    at process._tickCallback (internal/process/next_tick.js:180:9)]]></failure>
    </testcase>
  </testsuite>
  <testsuite name="Insert Owner" timestamp="2018-02-02T12:42:01" tests="1" file="/home/henok/Projects/nodesites/waz/Platform/tests/test/sensor.admin.test.js" failures="0" time="0.123">
    <testcase name="Sensors with admin previledges Insert Owner it should update the owner field" time="0.123" classname="it should update the owner field">
    </testcase>
  </testsuite>
  <testsuite name="Insert Name" timestamp="2018-02-02T12:42:01" tests="1" file="/home/henok/Projects/nodesites/waz/Platform/tests/test/sensor.admin.test.js" failures="0" time="0.126">
    <testcase name="Sensors with admin previledges Insert Name it should update the name field" time="0.126" classname="it should update the name field">
    </testcase>
  </testsuite>
  <testsuite name="Insert Location" timestamp="2018-02-02T12:42:01" tests="1" file="/home/henok/Projects/nodesites/waz/Platform/tests/test/sensor.admin.test.js" failures="0" time="0.129">
    <testcase name="Sensors with admin previledges Insert Location it should update the location field" time="0.129" classname="it should update the location field">
    </testcase>
  </testsuite>
  <testsuite name="Remove Sensor" timestamp="2018-02-02T12:42:01" tests="1" file="/home/henok/Projects/nodesites/waz/Platform/tests/test/sensor.admin.test.js" failures="0" time="0.065">
    <testcase name="Sensors with admin previledges Remove Sensor it should Remove a sensor by the given id" time="0.065" classname="it should Remove a sensor by the given id">
    </testcase>
  </testsuite>
  <testsuite name="Sensors" timestamp="2018-02-02T12:42:01" tests="0" file="/home/henok/Projects/nodesites/waz/Platform/tests/test/sensor.unauthorized.test.js" failures="0" time="0">
  </testsuite>
  <testsuite name="Get Sensors" timestamp="2018-02-02T12:42:01" tests="1" file="/home/henok/Projects/nodesites/waz/Platform/tests/test/sensor.unauthorized.test.js" failures="0" time="0.105">
    <testcase name="Sensors Get Sensors it should GET all the the senseors" time="0.105" classname="it should GET all the the senseors">
    </testcase>
  </testsuite>
  <testsuite name="Create sensors" timestamp="2018-02-02T12:42:01" tests="3" file="/home/henok/Projects/nodesites/waz/Platform/tests/test/sensor.unauthorized.test.js" failures="0" time="0.45999999999999996">
    <testcase name="Sensors Create sensors it should POST a sensor " time="0.247" classname="it should POST a sensor ">
    </testcase>
    <testcase name="Sensors Create sensors it should Reject posting data with reapeted values" time="0.109" classname="it should Reject posting data with reapeted values">
    </testcase>
    <testcase name="Sensors Create sensors it should Reject posting a sensor with invalid data" time="0.104" classname="it should Reject posting a sensor with invalid data">
    </testcase>
  </testsuite>
  <testsuite name="single sensor" timestamp="2018-02-02T12:42:02" tests="2" file="/home/henok/Projects/nodesites/waz/Platform/tests/test/sensor.unauthorized.test.js" failures="1" time="0.13">
    <testcase name="Sensors single sensor it should GET a sensor by the given id" time="0.13" classname="it should GET a sensor by the given id">
    </testcase>
    <testcase name="Sensors single sensor it should give a 404 err a sensor with none existent id" time="0" classname="it should give a 404 err a sensor with none existent id">
      <failure><![CDATA[AssertionError: expected { Object (domain, _events, ...) } to have status code 404 but got 403
    at chai.request.get.end (test/sensor.unauthorized.test.js:92:27)
    at Test.Request.callback (node_modules/superagent/lib/node/index.js:631:3)
    at node_modules/superagent/lib/node/index.js:795:18
    at IncomingMessage.<anonymous> (node_modules/superagent/lib/node/parsers/json.js:16:7)
    at endReadableNT (_stream_readable.js:1059:12)
    at _combinedTickCallback (internal/process/next_tick.js:138:11)
    at process._tickCallback (internal/process/next_tick.js:180:9)]]></failure>
    </testcase>
  </testsuite>
  <testsuite name="insert owner" timestamp="2018-02-02T12:42:02" tests="1" file="/home/henok/Projects/nodesites/waz/Platform/tests/test/sensor.unauthorized.test.js" failures="0" time="0.093">
    <testcase name="Sensors insert owner it should update the owner field" time="0.093" classname="it should update the owner field">
    </testcase>
  </testsuite>
  <testsuite name="insert name" timestamp="2018-02-02T12:42:02" tests="1" file="/home/henok/Projects/nodesites/waz/Platform/tests/test/sensor.unauthorized.test.js" failures="0" time="0.092">
    <testcase name="Sensors insert name it should update the name field" time="0.092" classname="it should update the name field">
    </testcase>
  </testsuite>
  <testsuite name="insert location" timestamp="2018-02-02T12:42:02" tests="1" file="/home/henok/Projects/nodesites/waz/Platform/tests/test/sensor.unauthorized.test.js" failures="0" time="0.105">
    <testcase name="Sensors insert location it should update the location field" time="0.105" classname="it should update the location field">
    </testcase>
  </testsuite>
  <testsuite name="insert sensor kind" timestamp="2018-02-02T12:42:02" tests="1" file="/home/henok/Projects/nodesites/waz/Platform/tests/test/sensor.unauthorized.test.js" failures="0" time="0.099">
    <testcase name="Sensors insert sensor kind it should update the sensor kind field" time="0.099" classname="it should update the sensor kind field">
    </testcase>
  </testsuite>
  <testsuite name="Remove sensor" timestamp="2018-02-02T12:42:02" tests="1" file="/home/henok/Projects/nodesites/waz/Platform/tests/test/sensor.unauthorized.test.js" failures="0" time="0.092">
    <testcase name="Sensors Remove sensor it should Remove a sensor by the given id" time="0.092" classname="it should Remove a sensor by the given id">
    </testcase>
  </testsuite>
  <testsuite name="Socials " timestamp="2018-02-02T12:42:02" tests="0" file="/home/henok/Projects/nodesites/waz/Platform/tests/test/socials.test.js" failures="0" time="0">
  </testsuite>
  <testsuite name="Get all messages sent" timestamp="2018-02-02T12:42:02" tests="1" file="/home/henok/Projects/nodesites/waz/Platform/tests/test/socials.test.js" failures="1" time="0">
    <testcase name="Socials  Get all messages sent it should GET all the messages sent" time="0" classname="it should GET all the messages sent">
      <failure><![CDATA[AssertionError: expected { Object (domain, _events, ...) } to have status code 200 but got 503
    at chai.request.get.end (test/socials.test.js:18:22)
    at Test.Request.callback (node_modules/superagent/lib/node/index.js:631:3)
    at IncomingMessage.<anonymous> (node_modules/superagent/lib/node/index.js:795:18)
    at endReadableNT (_stream_readable.js:1059:12)
    at _combinedTickCallback (internal/process/next_tick.js:138:11)
    at process._tickCallback (internal/process/next_tick.js:180:9)]]></failure>
    </testcase>
  </testsuite>
  <testsuite name="post a message to social networks" timestamp="2018-02-02T12:42:02" tests="1" file="/home/henok/Projects/nodesites/waz/Platform/tests/test/socials.test.js" failures="1" time="0">
    <testcase name="Socials  post a message to social networks it should post a message to social networds" time="0" classname="it should post a message to social networds">
      <failure><![CDATA[AssertionError: expected { Object (domain, _events, ...) } to have status code 200 but got 500
    at chai.request.post.send.end (test/socials.test.js:30:22)
    at Test.Request.callback (node_modules/superagent/lib/node/index.js:631:3)
    at IncomingMessage.<anonymous> (node_modules/superagent/lib/node/index.js:795:18)
    at endReadableNT (_stream_readable.js:1059:12)
    at _combinedTickCallback (internal/process/next_tick.js:138:11)
    at process._tickCallback (internal/process/next_tick.js:180:9)]]></failure>
    </testcase>
  </testsuite>
  <testsuite name="Users with admin Previledges" timestamp="2018-02-02T12:42:03" tests="0" file="/home/henok/Projects/nodesites/waz/Platform/tests/test/users.admin.test.js" failures="0" time="0">
  </testsuite>
  <testsuite name="Get all users in a realm" timestamp="2018-02-02T12:42:03" tests="1" file="/home/henok/Projects/nodesites/waz/Platform/tests/test/users.admin.test.js" failures="1" time="0">
    <testcase name="Users with admin Previledges Get all users in a realm it should Get all users in a realm" time="0" classname="it should Get all users in a realm">
      <failure><![CDATA[AssertionError: expected { Object (domain, _events, ...) } to have status code 200 but got 403
    at chai.request.get.set.end (test/users.admin.test.js:37:27)
    at Test.Request.callback (node_modules/superagent/lib/node/index.js:631:3)
    at node_modules/superagent/lib/node/index.js:795:18
    at IncomingMessage.<anonymous> (node_modules/superagent/lib/node/parsers/json.js:16:7)
    at endReadableNT (_stream_readable.js:1059:12)
    at _combinedTickCallback (internal/process/next_tick.js:138:11)
    at process._tickCallback (internal/process/next_tick.js:180:9)]]></failure>
    </testcase>
  </testsuite>
  <testsuite name="Create a new user in a realm" timestamp="2018-02-02T12:42:03" tests="1" file="/home/henok/Projects/nodesites/waz/Platform/tests/test/users.admin.test.js" failures="1" time="0">
    <testcase name="Users with admin Previledges Create a new user in a realm it should Create a new user in a realm" time="0" classname="it should Create a new user in a realm">
      <failure><![CDATA[AssertionError: expected { Object (domain, _events, ...) } to have status code 200 but got 403
    at chai.request.post.set.send.end (test/users.admin.test.js:49:27)
    at Test.Request.callback (node_modules/superagent/lib/node/index.js:631:3)
    at node_modules/superagent/lib/node/index.js:795:18
    at IncomingMessage.<anonymous> (node_modules/superagent/lib/node/parsers/json.js:16:7)
    at endReadableNT (_stream_readable.js:1059:12)
    at _combinedTickCallback (internal/process/next_tick.js:138:11)
    at process._tickCallback (internal/process/next_tick.js:180:9)]]></failure>
    </testcase>
  </testsuite>
  <testsuite name="Search users with specific criteria" timestamp="2018-02-02T12:42:03" tests="1" file="/home/henok/Projects/nodesites/waz/Platform/tests/test/users.admin.test.js" failures="1" time="0">
    <testcase name="Users with admin Previledges Search users with specific criteria it should Search users with specific criteria" time="0" classname="it should Search users with specific criteria">
      <failure><![CDATA[AssertionError: expected { Object (domain, _events, ...) } to have status code 200 but got 403
    at chai.request.get.set.end (test/users.admin.test.js:60:27)
    at Test.Request.callback (node_modules/superagent/lib/node/index.js:631:3)
    at node_modules/superagent/lib/node/index.js:795:18
    at IncomingMessage.<anonymous> (node_modules/superagent/lib/node/parsers/json.js:16:7)
    at endReadableNT (_stream_readable.js:1059:12)
    at _combinedTickCallback (internal/process/next_tick.js:138:11)
    at process._tickCallback (internal/process/next_tick.js:180:9)]]></failure>
    </testcase>
  </testsuite>
  <testsuite name="Get a Specific user" timestamp="2018-02-02T12:42:03" tests="1" file="/home/henok/Projects/nodesites/waz/Platform/tests/test/users.admin.test.js" failures="1" time="0">
    <testcase name="Users with admin Previledges Get a Specific user it should Get a Specific user" time="0" classname="it should Get a Specific user">
      <failure><![CDATA[AssertionError: expected { Object (domain, _events, ...) } to have status code 200 but got 403
    at chai.request.get.set.end (test/users.admin.test.js:71:27)
    at Test.Request.callback (node_modules/superagent/lib/node/index.js:631:3)
    at node_modules/superagent/lib/node/index.js:795:18
    at IncomingMessage.<anonymous> (node_modules/superagent/lib/node/parsers/json.js:16:7)
    at endReadableNT (_stream_readable.js:1059:12)
    at _combinedTickCallback (internal/process/next_tick.js:138:11)
    at process._tickCallback (internal/process/next_tick.js:180:9)]]></failure>
    </testcase>
  </testsuite>
  <testsuite name="update user data" timestamp="2018-02-02T12:42:03" tests="1" file="/home/henok/Projects/nodesites/waz/Platform/tests/test/users.admin.test.js" failures="1" time="0">
    <testcase name="Users with admin Previledges update user data it should update user data" time="0" classname="it should update user data">
      <failure><![CDATA[AssertionError: expected { Object (domain, _events, ...) } to have status code 200 but got 403
    at chai.request.put.set.send.end (test/users.admin.test.js:87:27)
    at Test.Request.callback (node_modules/superagent/lib/node/index.js:631:3)
    at node_modules/superagent/lib/node/index.js:795:18
    at IncomingMessage.<anonymous> (node_modules/superagent/lib/node/parsers/json.js:16:7)
    at endReadableNT (_stream_readable.js:1059:12)
    at _combinedTickCallback (internal/process/next_tick.js:138:11)
    at process._tickCallback (internal/process/next_tick.js:180:9)]]></failure>
    </testcase>
  </testsuite>
  <testsuite name="Remove a user" timestamp="2018-02-02T12:42:03" tests="1" file="/home/henok/Projects/nodesites/waz/Platform/tests/test/users.admin.test.js" failures="1" time="0">
    <testcase name="Users with admin Previledges Remove a user it should Remove a user" time="0" classname="it should Remove a user">
      <failure><![CDATA[AssertionError: expected { Object (domain, _events, ...) } to have status code 200 but got 403
    at chai.request.get.set.end (test/users.admin.test.js:98:27)
    at Test.Request.callback (node_modules/superagent/lib/node/index.js:631:3)
    at node_modules/superagent/lib/node/index.js:795:18
    at IncomingMessage.<anonymous> (node_modules/superagent/lib/node/parsers/json.js:16:7)
    at endReadableNT (_stream_readable.js:1059:12)
    at _combinedTickCallback (internal/process/next_tick.js:138:11)
    at process._tickCallback (internal/process/next_tick.js:180:9)]]></failure>
    </testcase>
  </testsuite>
</testsuites>